This is pdfTeX, Version 3.1415926-2.5-1.40.14 (MiKTeX 2.9 64-bit) (preloaded format=pdflatex 2014.5.13)  17 MAY 2014 16:50
entering extended mode
**document.tex
(C:\Users\Massimo\git\SSI_maseal_project\SSI_maseal_report\document.tex
LaTeX2e <2011/06/27>
Babel <v3.8m> and hyphenation patterns for english, afrikaans, ancientgreek, ar
abic, armenian, assamese, basque, bengali, bokmal, bulgarian, catalan, coptic, 
croatian, czech, danish, dutch, esperanto, estonian, farsi, finnish, french, ga
lician, german, german-x-2013-05-26, greek, gujarati, hindi, hungarian, iceland
ic, indonesian, interlingua, irish, italian, kannada, kurmanji, latin, latvian,
 lithuanian, malayalam, marathi, mongolian, mongolianlmc, monogreek, ngerman, n
german-x-2013-05-26, nynorsk, oriya, panjabi, pinyin, polish, portuguese, roman
ian, russian, sanskrit, serbian, slovak, slovenian, spanish, swedish, swissgerm
an, tamil, telugu, turkish, turkmen, ukenglish, ukrainian, uppersorbian, usengl
ishmax, welsh, loaded.
("C:\Program Files (x86)\MIKTeX 2.9\tex\latex\base\article.cls"
Document Class: article 2007/10/19 v1.4h Standard LaTeX document class
("C:\Program Files (x86)\MIKTeX 2.9\tex\latex\base\size10.clo"
File: size10.clo 2007/10/19 v1.4h Standard LaTeX file (size option)
)
\c@part=\count79
\c@section=\count80
\c@subsection=\count81
\c@subsubsection=\count82
\c@paragraph=\count83
\c@subparagraph=\count84
\c@figure=\count85
\c@table=\count86
\abovecaptionskip=\skip41
\belowcaptionskip=\skip42
\bibindent=\dimen102
)
(C:\Users\Massimo\git\SSI_maseal_project\SSI_maseal_report\document.aux)
LaTeX Font Info:    Checking defaults for OML/cmm/m/it on input line 5.
LaTeX Font Info:    ... okay on input line 5.
LaTeX Font Info:    Checking defaults for T1/cmr/m/n on input line 5.
LaTeX Font Info:    ... okay on input line 5.
LaTeX Font Info:    Checking defaults for OT1/cmr/m/n on input line 5.
LaTeX Font Info:    ... okay on input line 5.
LaTeX Font Info:    Checking defaults for OMS/cmsy/m/n on input line 5.
LaTeX Font Info:    ... okay on input line 5.
LaTeX Font Info:    Checking defaults for OMX/cmex/m/n on input line 5.
LaTeX Font Info:    ... okay on input line 5.
LaTeX Font Info:    Checking defaults for U/cmr/m/n on input line 5.
LaTeX Font Info:    ... okay on input line 5.
Missing character: There is no ò in font cmr10!
Missing character: There is no è in font cmr10!
Missing character: There is no è in font cmr10!
Missing character: There is no à in font cmr10!
Missing character: There is no è in font cmr10!
Missing character: There is no ’ in font cmr10!
Missing character: There is no è in font cmr10!
Missing character: There is no è in font cmr10!

[1

{C:/ProgramData/MiKTeX/2.9/pdftex/config/pdftex.map}]
(C:\Users\Massimo\git\SSI_maseal_project\SSI_maseal_report\document.aux) ) 
Here is how much of TeX's memory you used:
 211 strings out of 493921
 2628 string characters out of 3144870
 51031 words of memory out of 3000000
 3588 multiletter control sequences out of 15000+200000
 5158 words of font info for 19 fonts, out of 3000000 for 9000
 841 hyphenation exceptions out of 8191
 23i,4n,18p,140b,109s stack positions out of 5000i,500n,10000p,200000b,50000s
<C:/P
rogram Files (x86)/MIKTeX 2.9/fonts/type1/public/amsfonts/cm/cmbx10.pfb><C:/Pro
gram Files (x86)/MIKTeX 2.9/fonts/type1/public/amsfonts/cm/cmbx12.pfb><C:/Progr
am Files (x86)/MIKTeX 2.9/fonts/type1/public/amsfonts/cm/cmr10.pfb>
Output written on document.pdf (1 page, 44010 bytes).
PDF statistics:
 18 PDF objects out of 1000 (max. 8388607)
 0 named destinations out of 1000 (max. 500000)
 1 words of extra memory for PDF output out of 10000 (max. 10000000)

